<?xml version="1.0" encoding="UTF-8"?>
<coverage generated="1750970582344" clover="3.2.0">
  <project timestamp="1750970582344" name="All files">
    <metrics statements="95" coveredstatements="88" conditionals="117" coveredconditionals="96" methods="18" coveredmethods="16" elements="230" coveredelements="200" complexity="0" loc="95" ncloc="95" packages="6" files="6" classes="6"/>
    <package name="components.Button">
      <metrics statements="13" coveredstatements="13" conditionals="33" coveredconditionals="28" methods="1" coveredmethods="1"/>
      <file name="Button.tsx" path="/Users/saqibsaghir/Documents/react-design-system/src/components/Button/Button.tsx">
        <metrics statements="13" coveredstatements="13" conditionals="33" coveredconditionals="28" methods="1" coveredmethods="1"/>
        <line num="2" count="3" type="stmt"/>
        <line num="4" count="3" type="stmt"/>
        <line num="5" count="3" type="stmt"/>
        <line num="46" count="3" type="stmt"/>
        <line num="60" count="116" type="stmt"/>
        <line num="61" count="116" type="stmt"/>
        <line num="63" count="116" type="cond" truecount="2" falsecount="0"/>
        <line num="64" count="116" type="cond" truecount="2" falsecount="0"/>
        <line num="65" count="116" type="cond" truecount="2" falsecount="0"/>
        <line num="66" count="116" type="stmt"/>
        <line num="68" count="116" type="stmt"/>
        <line num="74" count="116" type="stmt"/>
        <line num="98" count="3" type="stmt"/>
      </file>
    </package>
    <package name="components.Form">
      <metrics statements="33" coveredstatements="30" conditionals="14" coveredconditionals="12" methods="8" coveredmethods="7"/>
      <file name="Form.tsx" path="/Users/saqibsaghir/Documents/react-design-system/src/components/Form/Form.tsx">
        <metrics statements="33" coveredstatements="30" conditionals="14" coveredconditionals="12" methods="8" coveredmethods="7"/>
        <line num="1" count="1" type="stmt"/>
        <line num="2" count="1" type="stmt"/>
        <line num="3" count="1" type="stmt"/>
        <line num="4" count="1" type="stmt"/>
        <line num="5" count="1" type="stmt"/>
        <line num="6" count="1" type="stmt"/>
        <line num="7" count="1" type="stmt"/>
        <line num="8" count="1" type="stmt"/>
        <line num="10" count="1" type="stmt"/>
        <line num="11" count="1" type="stmt"/>
        <line num="13" count="1" type="stmt"/>
        <line num="14" count="23" type="stmt"/>
        <line num="15" count="23" type="stmt"/>
        <line num="16" count="23" type="stmt"/>
        <line num="17" count="23" type="stmt"/>
        <line num="18" count="23" type="cond" truecount="2" falsecount="0"/>
        <line num="19" count="23" type="cond" truecount="2" falsecount="0"/>
        <line num="21" count="23" type="stmt"/>
        <line num="22" count="1" type="stmt"/>
        <line num="23" count="1" type="stmt"/>
        <line num="24" count="1" type="stmt"/>
        <line num="27" count="23" type="stmt"/>
        <line num="28" count="0" type="stmt"/>
        <line num="29" count="0" type="cond" truecount="0" falsecount="2"/>
        <line num="30" count="0" type="stmt"/>
        <line num="33" count="23" type="stmt"/>
        <line num="34" count="1" type="stmt"/>
        <line num="37" count="23" type="stmt"/>
        <line num="38" count="11" type="stmt"/>
        <line num="44" count="23" type="stmt"/>
        <line num="54" count="4" type="stmt"/>
        <line num="55" count="1" type="stmt"/>
        <line num="97" count="1" type="stmt"/>
      </file>
    </package>
    <package name="components.Input">
      <metrics statements="8" coveredstatements="8" conditionals="25" coveredconditionals="24" methods="1" coveredmethods="1"/>
      <file name="Input.tsx" path="/Users/saqibsaghir/Documents/react-design-system/src/components/Input/Input.tsx">
        <metrics statements="8" coveredstatements="8" conditionals="25" coveredconditionals="24" methods="1" coveredmethods="1"/>
        <line num="2" count="3" type="stmt"/>
        <line num="4" count="3" type="stmt"/>
        <line num="55" count="3" type="stmt"/>
        <line num="77" count="69" type="stmt"/>
        <line num="86" count="69" type="stmt"/>
        <line num="87" count="69" type="stmt"/>
        <line num="89" count="69" type="stmt"/>
        <line num="118" count="3" type="stmt"/>
      </file>
    </package>
    <package name="components.NumberInput">
      <metrics statements="29" coveredstatements="25" conditionals="35" coveredconditionals="22" methods="5" coveredmethods="4"/>
      <file name="NumberInput.tsx" path="/Users/saqibsaghir/Documents/react-design-system/src/components/NumberInput/NumberInput.tsx">
        <metrics statements="29" coveredstatements="25" conditionals="35" coveredconditionals="22" methods="5" coveredmethods="4"/>
        <line num="1" count="2" type="stmt"/>
        <line num="2" count="2" type="stmt"/>
        <line num="3" count="2" type="stmt"/>
        <line num="4" count="2" type="stmt"/>
        <line num="5" count="2" type="stmt"/>
        <line num="6" count="2" type="stmt"/>
        <line num="7" count="2" type="stmt"/>
        <line num="36" count="2" type="stmt"/>
        <line num="46" count="31" type="stmt"/>
        <line num="47" count="31" type="stmt"/>
        <line num="49" count="31" type="stmt"/>
        <line num="50" count="1" type="cond" truecount="1" falsecount="1"/>
        <line num="51" count="1" type="stmt"/>
        <line num="52" count="1" type="stmt"/>
        <line num="55" count="31" type="stmt"/>
        <line num="56" count="2" type="cond" truecount="2" falsecount="0"/>
        <line num="57" count="2" type="stmt"/>
        <line num="58" count="2" type="stmt"/>
        <line num="61" count="31" type="stmt"/>
        <line num="62" count="3" type="stmt"/>
        <line num="63" count="3" type="cond" truecount="6" falsecount="1"/>
        <line num="64" count="3" type="stmt"/>
        <line num="65" count="0" type="cond" truecount="0" falsecount="2"/>
        <line num="66" count="0" type="cond" truecount="0" falsecount="4"/>
        <line num="70" count="31" type="stmt"/>
        <line num="71" count="0" type="cond" truecount="0" falsecount="4"/>
        <line num="72" count="0" type="stmt"/>
        <line num="76" count="31" type="stmt"/>
        <line num="125" count="2" type="stmt"/>
      </file>
    </package>
    <package name="components.Slider">
      <metrics statements="5" coveredstatements="5" conditionals="6" coveredconditionals="6" methods="1" coveredmethods="1"/>
      <file name="Slider.tsx" path="/Users/saqibsaghir/Documents/react-design-system/src/components/Slider/Slider.tsx">
        <metrics statements="5" coveredstatements="5" conditionals="6" coveredconditionals="6" methods="1" coveredmethods="1"/>
        <line num="2" count="2" type="stmt"/>
        <line num="4" count="2" type="stmt"/>
        <line num="32" count="2" type="stmt"/>
        <line num="42" count="28" type="stmt"/>
        <line num="62" count="2" type="stmt"/>
      </file>
    </package>
    <package name="utils.types">
      <metrics statements="7" coveredstatements="7" conditionals="4" coveredconditionals="4" methods="2" coveredmethods="2"/>
      <file name="button.ts" path="/Users/saqibsaghir/Documents/react-design-system/src/utils/types/button.ts">
        <metrics statements="7" coveredstatements="7" conditionals="4" coveredconditionals="4" methods="2" coveredmethods="2"/>
        <line num="1" count="3" type="cond" truecount="2" falsecount="0"/>
        <line num="2" count="3" type="stmt"/>
        <line num="3" count="3" type="stmt"/>
        <line num="6" count="3" type="cond" truecount="2" falsecount="0"/>
        <line num="7" count="3" type="stmt"/>
        <line num="8" count="3" type="stmt"/>
        <line num="9" count="3" type="stmt"/>
      </file>
    </package>
  </project>
</coverage>
