{"/Users/saqibsaghir/Documents/react-design-system/src/components/Button/Button.tsx": {"path":"/Users/saqibsaghir/Documents/react-design-system/src/components/Button/Button.tsx","statementMap":{"0":{"start":{"line":2,"column":0},"end":{"line":2,"column":61}},"1":{"start":{"line":4,"column":0},"end":{"line":4,"column":42}},"2":{"start":{"line":5,"column":0},"end":{"line":5,"column":108}},"3":{"start":{"line":46,"column":39},"end":{"line":96,"column":1}},"4":{"start":{"line":60,"column":10},"end":{"line":60,"column":null}},"5":{"start":{"line":61,"column":8},"end":{"line":62,"column":3}},"6":{"start":{"line":63,"column":23},"end":{"line":63,"column":81}},"7":{"start":{"line":64,"column":24},"end":{"line":64,"column":84}},"8":{"start":{"line":65,"column":23},"end":{"line":65,"column":58}},"9":{"start":{"line":66,"column":19},"end":{"line":66,"column":141}},"10":{"start":{"line":68,"column":18},"end":{"line":71,"column":null}},"11":{"start":{"line":74,"column":1},"end":{"line":95,"column":3}},"12":{"start":{"line":98,"column":0},"end":{"line":98,"column":22}}},"fnMap":{"0":{"name":"(anonymous_2)","decl":{"start":{"line":46,"column":39},"end":{"line":46,"column":40}},"loc":{"start":{"line":62,"column":5},"end":{"line":96,"column":1}}}},"branchMap":{"0":{"loc":{"start":{"line":47,"column":1},"end":{"line":47,"column":10}},"type":"default-arg","locations":[{"start":{"line":47,"column":8},"end":{"line":47,"column":10}}]},"1":{"loc":{"start":{"line":53,"column":1},"end":{"line":53,"column":17}},"type":"default-arg","locations":[{"start":{"line":53,"column":12},"end":{"line":53,"column":17}}]},"2":{"loc":{"start":{"line":54,"column":1},"end":{"line":54,"column":17}},"type":"default-arg","locations":[{"start":{"line":54,"column":12},"end":{"line":54,"column":17}}]},"3":{"loc":{"start":{"line":56,"column":1},"end":{"line":56,"column":17}},"type":"default-arg","locations":[{"start":{"line":56,"column":16},"end":{"line":56,"column":17}}]},"4":{"loc":{"start":{"line":57,"column":1},"end":{"line":57,"column":25}},"type":"default-arg","locations":[{"start":{"line":57,"column":8},"end":{"line":57,"column":25}}]},"5":{"loc":{"start":{"line":63,"column":23},"end":{"line":63,"column":81}},"type":"cond-expr","locations":[{"start":{"line":63,"column":49},"end":{"line":63,"column":76}},{"start":{"line":63,"column":79},"end":{"line":63,"column":81}}]},"6":{"loc":{"start":{"line":64,"column":24},"end":{"line":64,"column":84}},"type":"cond-expr","locations":[{"start":{"line":64,"column":51},"end":{"line":64,"column":79}},{"start":{"line":64,"column":82},"end":{"line":64,"column":84}}]},"7":{"loc":{"start":{"line":65,"column":23},"end":{"line":65,"column":58}},"type":"cond-expr","locations":[{"start":{"line":65,"column":34},"end":{"line":65,"column":53}},{"start":{"line":65,"column":56},"end":{"line":65,"column":58}}]},"8":{"loc":{"start":{"line":69,"column":6},"end":{"line":69,"column":28}},"type":"cond-expr","locations":[{"start":{"line":69,"column":14},"end":{"line":69,"column":23}},{"start":{"line":69,"column":26},"end":{"line":69,"column":28}}]},"9":{"loc":{"start":{"line":70,"column":6},"end":{"line":70,"column":30}},"type":"cond-expr","locations":[{"start":{"line":70,"column":15},"end":{"line":70,"column":25}},{"start":{"line":70,"column":28},"end":{"line":70,"column":30}}]},"10":{"loc":{"start":{"line":71,"column":6},"end":{"line":71,"column":42}},"type":"cond-expr","locations":[{"start":{"line":71,"column":21},"end":{"line":71,"column":37}},{"start":{"line":71,"column":40},"end":{"line":71,"column":42}}]},"11":{"loc":{"start":{"line":82,"column":4},"end":{"line":82,"column":110}},"type":"cond-expr","locations":[{"start":{"line":82,"column":15},"end":{"line":82,"column":41}},{"start":{"line":82,"column":44},"end":{"line":82,"column":110}}]},"12":{"loc":{"start":{"line":82,"column":15},"end":{"line":82,"column":41}},"type":"binary-expr","locations":[{"start":{"line":82,"column":15},"end":{"line":82,"column":24}},{"start":{"line":82,"column":28},"end":{"line":82,"column":41}}]},"13":{"loc":{"start":{"line":82,"column":44},"end":{"line":82,"column":110}},"type":"binary-expr","locations":[{"start":{"line":82,"column":44},"end":{"line":82,"column":53}},{"start":{"line":82,"column":58},"end":{"line":82,"column":109}}]},"14":{"loc":{"start":{"line":82,"column":58},"end":{"line":82,"column":109}},"type":"cond-expr","locations":[{"start":{"line":82,"column":89},"end":{"line":82,"column":97}},{"start":{"line":82,"column":100},"end":{"line":82,"column":109}}]},"15":{"loc":{"start":{"line":85,"column":4},"end":{"line":92,"column":null}},"type":"cond-expr","locations":[{"start":{"line":86,"column":4},"end":{"line":86,"column":47}},{"start":{"line":88,"column":4},"end":{"line":91,"column":null}}]},"16":{"loc":{"start":{"line":89,"column":6},"end":{"line":89,"column":95}},"type":"binary-expr","locations":[{"start":{"line":89,"column":6},"end":{"line":89,"column":40}},{"start":{"line":89,"column":44},"end":{"line":89,"column":48}},{"start":{"line":89,"column":52},"end":{"line":89,"column":95}}]},"17":{"loc":{"start":{"line":91,"column":6},"end":{"line":91,"column":96}},"type":"binary-expr","locations":[{"start":{"line":91,"column":6},"end":{"line":91,"column":41}},{"start":{"line":91,"column":45},"end":{"line":91,"column":49}},{"start":{"line":91,"column":53},"end":{"line":91,"column":96}}]}},"s":{"0":3,"1":3,"2":3,"3":3,"4":116,"5":116,"6":116,"7":116,"8":116,"9":116,"10":116,"11":116,"12":3},"f":{"0":116},"b":{"0":[10],"1":[54],"2":[8],"3":[55],"4":[70],"5":[24,92],"6":[1,115],"7":[62,54],"8":[47,69],"9":[1,115],"10":[116,0],"11":[62,54],"12":[62,0],"13":[54,0],"14":[0,0],"15":[62,54],"16":[54,24,24],"17":[54,1,1]}}
,"/Users/saqibsaghir/Documents/react-design-system/src/components/Form/Form.tsx": {"path":"/Users/saqibsaghir/Documents/react-design-system/src/components/Form/Form.tsx","statementMap":{"0":{"start":{"line":1,"column":0},"end":{"line":1,"column":51}},"1":{"start":{"line":2,"column":0},"end":{"line":2,"column":35}},"2":{"start":{"line":3,"column":0},"end":{"line":3,"column":53}},"3":{"start":{"line":4,"column":0},"end":{"line":4,"column":38}},"4":{"start":{"line":5,"column":0},"end":{"line":5,"column":38}},"5":{"start":{"line":6,"column":0},"end":{"line":6,"column":68}},"6":{"start":{"line":7,"column":0},"end":{"line":7,"column":40}},"7":{"start":{"line":8,"column":0},"end":{"line":8,"column":53}},"8":{"start":{"line":10,"column":23},"end":{"line":10,"column":24}},"9":{"start":{"line":11,"column":23},"end":{"line":11,"column":26}},"10":{"start":{"line":13,"column":23},"end":{"line":95,"column":1}},"11":{"start":{"line":14,"column":25},"end":{"line":14,"column":37}},"12":{"start":{"line":15,"column":25},"end":{"line":15,"column":36}},"13":{"start":{"line":16,"column":29},"end":{"line":16,"column":61}},"14":{"start":{"line":17,"column":31},"end":{"line":17,"column":69}},"15":{"start":{"line":18,"column":21},"end":{"line":18,"column":56}},"16":{"start":{"line":19,"column":21},"end":{"line":19,"column":59}},"17":{"start":{"line":21,"column":21},"end":{"line":25,"column":2}},"18":{"start":{"line":22,"column":2},"end":{"line":22,"column":14}},"19":{"start":{"line":23,"column":2},"end":{"line":23,"column":13}},"20":{"start":{"line":24,"column":2},"end":{"line":24,"column":43}},"21":{"start":{"line":27,"column":22},"end":{"line":31,"column":2}},"22":{"start":{"line":28,"column":2},"end":{"line":28,"column":21}},"23":{"start":{"line":29,"column":2},"end":{"line":29,"column":27}},"24":{"start":{"line":29,"column":20},"end":{"line":29,"column":27}},"25":{"start":{"line":30,"column":2},"end":{"line":30,"column":51}},"26":{"start":{"line":33,"column":20},"end":{"line":35,"column":2}},"27":{"start":{"line":34,"column":2},"end":{"line":34,"column":53}},"28":{"start":{"line":34,"column":23},"end":{"line":34,"column":51}},"29":{"start":{"line":37,"column":1},"end":{"line":42,"column":18}},"30":{"start":{"line":38,"column":2},"end":{"line":41,"column":5}},"31":{"start":{"line":44,"column":1},"end":{"line":94,"column":3}},"32":{"start":{"line":54,"column":22},"end":{"line":54,"column":45}},"33":{"start":{"line":55,"column":19},"end":{"line":55,"column":37}},"34":{"start":{"line":97,"column":0},"end":{"line":97,"column":20}}},"fnMap":{"0":{"name":"(anonymous_1)","decl":{"start":{"line":13,"column":23},"end":{"line":13,"column":26}},"loc":{"start":{"line":13,"column":28},"end":{"line":95,"column":1}}},"1":{"name":"(anonymous_2)","decl":{"start":{"line":21,"column":21},"end":{"line":21,"column":24}},"loc":{"start":{"line":21,"column":26},"end":{"line":25,"column":2}}},"2":{"name":"(anonymous_3)","decl":{"start":{"line":27,"column":22},"end":{"line":27,"column":23}},"loc":{"start":{"line":27,"column":45},"end":{"line":31,"column":2}}},"3":{"name":"(anonymous_4)","decl":{"start":{"line":33,"column":20},"end":{"line":33,"column":21}},"loc":{"start":{"line":33,"column":47},"end":{"line":35,"column":2}}},"4":{"name":"(anonymous_5)","decl":{"start":{"line":34,"column":13},"end":{"line":34,"column":14}},"loc":{"start":{"line":34,"column":23},"end":{"line":34,"column":51}}},"5":{"name":"(anonymous_6)","decl":{"start":{"line":37,"column":11},"end":{"line":37,"column":14}},"loc":{"start":{"line":37,"column":16},"end":{"line":42,"column":2}}},"6":{"name":"(anonymous_7)","decl":{"start":{"line":54,"column":15},"end":{"line":54,"column":16}},"loc":{"start":{"line":54,"column":22},"end":{"line":54,"column":45}}},"7":{"name":"(anonymous_8)","decl":{"start":{"line":55,"column":13},"end":{"line":55,"column":16}},"loc":{"start":{"line":55,"column":19},"end":{"line":55,"column":37}}}},"branchMap":{"0":{"loc":{"start":{"line":18,"column":21},"end":{"line":18,"column":56}},"type":"binary-expr","locations":[{"start":{"line":18,"column":21},"end":{"line":18,"column":44}},{"start":{"line":18,"column":48},"end":{"line":18,"column":56}}]},"1":{"loc":{"start":{"line":19,"column":21},"end":{"line":19,"column":59}},"type":"binary-expr","locations":[{"start":{"line":19,"column":21},"end":{"line":19,"column":45}},{"start":{"line":19,"column":49},"end":{"line":19,"column":59}}]},"2":{"loc":{"start":{"line":29,"column":2},"end":{"line":29,"column":27}},"type":"if","locations":[{"start":{"line":29,"column":2},"end":{"line":29,"column":27}},{"start":{},"end":{}}]},"3":{"loc":{"start":{"line":39,"column":9},"end":{"line":39,"column":75}},"type":"cond-expr","locations":[{"start":{"line":39,"column":34},"end":{"line":39,"column":70}},{"start":{"line":39,"column":73},"end":{"line":39,"column":75}}]},"4":{"loc":{"start":{"line":40,"column":9},"end":{"line":40,"column":55}},"type":"cond-expr","locations":[{"start":{"line":40,"column":21},"end":{"line":40,"column":50}},{"start":{"line":40,"column":53},"end":{"line":40,"column":55}}]},"5":{"loc":{"start":{"line":59,"column":12},"end":{"line":59,"column":58}},"type":"cond-expr","locations":[{"start":{"line":59,"column":42},"end":{"line":59,"column":53}},{"start":{"line":59,"column":56},"end":{"line":59,"column":58}}]},"6":{"loc":{"start":{"line":59,"column":12},"end":{"line":59,"column":39}},"type":"binary-expr","locations":[{"start":{"line":59,"column":12},"end":{"line":59,"column":24}},{"start":{"line":59,"column":28},"end":{"line":59,"column":39}}]}},"s":{"0":1,"1":1,"2":1,"3":1,"4":1,"5":1,"6":1,"7":1,"8":1,"9":1,"10":1,"11":23,"12":23,"13":23,"14":23,"15":23,"16":23,"17":23,"18":1,"19":1,"20":1,"21":23,"22":0,"23":0,"24":0,"25":0,"26":23,"27":1,"28":1,"29":23,"30":11,"31":23,"32":4,"33":1,"34":1},"f":{"0":23,"1":1,"2":0,"3":1,"4":1,"5":11,"6":4,"7":1},"b":{"0":[23,10],"1":[23,10],"2":[0,0],"3":[6,5],"4":[9,2],"5":[2,21],"6":[23,3]}}
,"/Users/saqibsaghir/Documents/react-design-system/src/components/Input/Input.tsx": {"path":"/Users/saqibsaghir/Documents/react-design-system/src/components/Input/Input.tsx","statementMap":{"0":{"start":{"line":2,"column":0},"end":{"line":2,"column":72}},"1":{"start":{"line":4,"column":0},"end":{"line":4,"column":41}},"2":{"start":{"line":55,"column":37},"end":{"line":116,"column":1}},"3":{"start":{"line":77,"column":18},"end":{"line":83,"column":null}},"4":{"start":{"line":86,"column":19},"end":{"line":86,"column":36}},"5":{"start":{"line":87,"column":20},"end":{"line":87,"column":50}},"6":{"start":{"line":89,"column":1},"end":{"line":115,"column":3}},"7":{"start":{"line":118,"column":0},"end":{"line":118,"column":21}}},"fnMap":{"0":{"name":"(anonymous_1)","decl":{"start":{"line":55,"column":37},"end":{"line":55,"column":38}},"loc":{"start":{"line":76,"column":5},"end":{"line":116,"column":1}}}},"branchMap":{"0":{"loc":{"start":{"line":61,"column":1},"end":{"line":61,"column":17}},"type":"default-arg","locations":[{"start":{"line":61,"column":12},"end":{"line":61,"column":17}}]},"1":{"loc":{"start":{"line":64,"column":1},"end":{"line":64,"column":14}},"type":"default-arg","locations":[{"start":{"line":64,"column":8},"end":{"line":64,"column":14}}]},"2":{"loc":{"start":{"line":65,"column":1},"end":{"line":65,"column":17}},"type":"default-arg","locations":[{"start":{"line":65,"column":12},"end":{"line":65,"column":17}}]},"3":{"loc":{"start":{"line":68,"column":1},"end":{"line":68,"column":17}},"type":"default-arg","locations":[{"start":{"line":68,"column":13},"end":{"line":68,"column":17}}]},"4":{"loc":{"start":{"line":70,"column":1},"end":{"line":70,"column":21}},"type":"default-arg","locations":[{"start":{"line":70,"column":13},"end":{"line":70,"column":21}}]},"5":{"loc":{"start":{"line":78,"column":6},"end":{"line":78,"column":30}},"type":"cond-expr","locations":[{"start":{"line":78,"column":15},"end":{"line":78,"column":25}},{"start":{"line":78,"column":28},"end":{"line":78,"column":30}}]},"6":{"loc":{"start":{"line":79,"column":6},"end":{"line":79,"column":28}},"type":"cond-expr","locations":[{"start":{"line":79,"column":14},"end":{"line":79,"column":23}},{"start":{"line":79,"column":26},"end":{"line":79,"column":28}}]},"7":{"loc":{"start":{"line":80,"column":6},"end":{"line":80,"column":34}},"type":"cond-expr","locations":[{"start":{"line":80,"column":17},"end":{"line":80,"column":29}},{"start":{"line":80,"column":32},"end":{"line":80,"column":34}}]},"8":{"loc":{"start":{"line":81,"column":6},"end":{"line":81,"column":32}},"type":"cond-expr","locations":[{"start":{"line":81,"column":16},"end":{"line":81,"column":27}},{"start":{"line":81,"column":30},"end":{"line":81,"column":32}}]},"9":{"loc":{"start":{"line":82,"column":6},"end":{"line":82,"column":36}},"type":"cond-expr","locations":[{"start":{"line":82,"column":18},"end":{"line":82,"column":31}},{"start":{"line":82,"column":34},"end":{"line":82,"column":36}}]},"10":{"loc":{"start":{"line":83,"column":6},"end":{"line":83,"column":30}},"type":"cond-expr","locations":[{"start":{"line":83,"column":15},"end":{"line":83,"column":25}},{"start":{"line":83,"column":28},"end":{"line":83,"column":30}}]},"11":{"loc":{"start":{"line":91,"column":4},"end":{"line":94,"column":null}},"type":"binary-expr","locations":[{"start":{"line":91,"column":4},"end":{"line":91,"column":9}},{"start":{"line":92,"column":4},"end":{"line":93,"column":null}}]},"12":{"loc":{"start":{"line":92,"column":45},"end":{"line":92,"column":60}},"type":"binary-expr","locations":[{"start":{"line":92,"column":45},"end":{"line":92,"column":49}},{"start":{"line":92,"column":53},"end":{"line":92,"column":60}}]},"13":{"loc":{"start":{"line":99,"column":8},"end":{"line":99,"column":23}},"type":"binary-expr","locations":[{"start":{"line":99,"column":8},"end":{"line":99,"column":12}},{"start":{"line":99,"column":16},"end":{"line":99,"column":23}}]},"14":{"loc":{"start":{"line":113,"column":4},"end":{"line":113,"column":58}},"type":"binary-expr","locations":[{"start":{"line":113,"column":4},"end":{"line":113,"column":9}},{"start":{"line":113,"column":13},"end":{"line":113,"column":58}}]}},"s":{"0":3,"1":3,"2":3,"3":69,"4":69,"5":69,"6":69,"7":3},"f":{"0":69},"b":{"0":[38],"1":[36],"2":[45],"3":[67],"4":[45],"5":[31,38],"6":[31,38],"7":[1,68],"8":[31,38],"9":[69,0],"10":[31,38],"11":[69,38],"12":[38,1],"13":[69,31],"14":[69,3]}}
,"/Users/saqibsaghir/Documents/react-design-system/src/components/NumberInput/NumberInput.tsx": {"path":"/Users/saqibsaghir/Documents/react-design-system/src/components/NumberInput/NumberInput.tsx","statementMap":{"0":{"start":{"line":1,"column":0},"end":{"line":1,"column":48}},"1":{"start":{"line":2,"column":0},"end":{"line":2,"column":35}},"2":{"start":{"line":3,"column":0},"end":{"line":3,"column":38}},"3":{"start":{"line":4,"column":0},"end":{"line":4,"column":47}},"4":{"start":{"line":5,"column":0},"end":{"line":5,"column":52}},"5":{"start":{"line":6,"column":0},"end":{"line":6,"column":48}},"6":{"start":{"line":7,"column":0},"end":{"line":7,"column":54}},"7":{"start":{"line":36,"column":49},"end":{"line":123,"column":1}},"8":{"start":{"line":46,"column":35},"end":{"line":46,"column":50}},"9":{"start":{"line":47,"column":20},"end":{"line":47,"column":48}},"10":{"start":{"line":49,"column":25},"end":{"line":53,"column":2}},"11":{"start":{"line":50,"column":19},"end":{"line":50,"column":87}},"12":{"start":{"line":51,"column":2},"end":{"line":51,"column":21}},"13":{"start":{"line":52,"column":2},"end":{"line":52,"column":21}},"14":{"start":{"line":55,"column":25},"end":{"line":59,"column":2}},"15":{"start":{"line":56,"column":19},"end":{"line":56,"column":87}},"16":{"start":{"line":57,"column":2},"end":{"line":57,"column":21}},"17":{"start":{"line":58,"column":2},"end":{"line":58,"column":21}},"18":{"start":{"line":61,"column":27},"end":{"line":68,"column":2}},"19":{"start":{"line":62,"column":14},"end":{"line":62,"column":36}},"20":{"start":{"line":63,"column":2},"end":{"line":67,"column":3}},"21":{"start":{"line":64,"column":3},"end":{"line":64,"column":17}},"22":{"start":{"line":65,"column":9},"end":{"line":67,"column":3}},"23":{"start":{"line":66,"column":3},"end":{"line":66,"column":17}},"24":{"start":{"line":70,"column":20},"end":{"line":74,"column":2}},"25":{"start":{"line":71,"column":2},"end":{"line":73,"column":3}},"26":{"start":{"line":72,"column":3},"end":{"line":72,"column":23}},"27":{"start":{"line":76,"column":1},"end":{"line":122,"column":3}},"28":{"start":{"line":125,"column":0},"end":{"line":125,"column":27}}},"fnMap":{"0":{"name":"(anonymous_1)","decl":{"start":{"line":36,"column":49},"end":{"line":36,"column":50}},"loc":{"start":{"line":45,"column":5},"end":{"line":123,"column":1}}},"1":{"name":"(anonymous_2)","decl":{"start":{"line":49,"column":25},"end":{"line":49,"column":28}},"loc":{"start":{"line":49,"column":30},"end":{"line":53,"column":2}}},"2":{"name":"(anonymous_3)","decl":{"start":{"line":55,"column":25},"end":{"line":55,"column":28}},"loc":{"start":{"line":55,"column":30},"end":{"line":59,"column":2}}},"3":{"name":"(anonymous_4)","decl":{"start":{"line":61,"column":27},"end":{"line":61,"column":28}},"loc":{"start":{"line":61,"column":70},"end":{"line":68,"column":2}}},"4":{"name":"(anonymous_5)","decl":{"start":{"line":70,"column":20},"end":{"line":70,"column":21}},"loc":{"start":{"line":70,"column":44},"end":{"line":74,"column":2}}}},"branchMap":{"0":{"loc":{"start":{"line":41,"column":1},"end":{"line":41,"column":9}},"type":"default-arg","locations":[{"start":{"line":41,"column":8},"end":{"line":41,"column":9}}]},"1":{"loc":{"start":{"line":42,"column":1},"end":{"line":42,"column":17}},"type":"default-arg","locations":[{"start":{"line":42,"column":12},"end":{"line":42,"column":17}}]},"2":{"loc":{"start":{"line":50,"column":19},"end":{"line":50,"column":87}},"type":"cond-expr","locations":[{"start":{"line":50,"column":45},"end":{"line":50,"column":72}},{"start":{"line":50,"column":75},"end":{"line":50,"column":87}}]},"3":{"loc":{"start":{"line":56,"column":19},"end":{"line":56,"column":87}},"type":"cond-expr","locations":[{"start":{"line":56,"column":45},"end":{"line":56,"column":72}},{"start":{"line":56,"column":75},"end":{"line":56,"column":87}}]},"4":{"loc":{"start":{"line":63,"column":2},"end":{"line":67,"column":3}},"type":"if","locations":[{"start":{"line":63,"column":2},"end":{"line":67,"column":3}},{"start":{"line":65,"column":9},"end":{"line":67,"column":3}}]},"5":{"loc":{"start":{"line":63,"column":6},"end":{"line":63,"column":91}},"type":"binary-expr","locations":[{"start":{"line":63,"column":6},"end":{"line":63,"column":17}},{"start":{"line":63,"column":22},"end":{"line":63,"column":39}},{"start":{"line":63,"column":43},"end":{"line":63,"column":53}},{"start":{"line":63,"column":59},"end":{"line":63,"column":76}},{"start":{"line":63,"column":80},"end":{"line":63,"column":90}}]},"6":{"loc":{"start":{"line":65,"column":9},"end":{"line":67,"column":3}},"type":"if","locations":[{"start":{"line":65,"column":9},"end":{"line":67,"column":3}},{"start":{},"end":{}}]},"7":{"loc":{"start":{"line":66,"column":3},"end":{"line":66,"column":16}},"type":"cond-expr","locations":[{"start":{"line":66,"column":11},"end":{"line":66,"column":14}},{"start":{"line":66,"column":3},"end":{"line":66,"column":16}}]},"8":{"loc":{"start":{"line":66,"column":3},"end":{"line":66,"column":14}},"type":"binary-expr","locations":[{"start":{"line":66,"column":3},"end":{"line":66,"column":14}},{"start":{"line":66,"column":3},"end":{"line":66,"column":14}}]},"9":{"loc":{"start":{"line":71,"column":2},"end":{"line":73,"column":3}},"type":"if","locations":[{"start":{"line":71,"column":2},"end":{"line":73,"column":3}},{"start":{},"end":{}}]},"10":{"loc":{"start":{"line":71,"column":6},"end":{"line":71,"column":95}},"type":"binary-expr","locations":[{"start":{"line":71,"column":6},"end":{"line":71,"column":24}},{"start":{"line":71,"column":28},"end":{"line":71,"column":95}}]},"11":{"loc":{"start":{"line":83,"column":47},"end":{"line":83,"column":78}},"type":"cond-expr","locations":[{"start":{"line":83,"column":58},"end":{"line":83,"column":73}},{"start":{"line":83,"column":76},"end":{"line":83,"column":78}}]},"12":{"loc":{"start":{"line":83,"column":82},"end":{"line":83,"column":113}},"type":"cond-expr","locations":[{"start":{"line":83,"column":94},"end":{"line":83,"column":108}},{"start":{"line":83,"column":111},"end":{"line":83,"column":113}}]},"13":{"loc":{"start":{"line":94,"column":15},"end":{"line":94,"column":68}},"type":"binary-expr","locations":[{"start":{"line":94,"column":15},"end":{"line":94,"column":23}},{"start":{"line":94,"column":28},"end":{"line":94,"column":51}},{"start":{"line":94,"column":55},"end":{"line":94,"column":67}}]},"14":{"loc":{"start":{"line":116,"column":15},"end":{"line":116,"column":68}},"type":"binary-expr","locations":[{"start":{"line":116,"column":15},"end":{"line":116,"column":23}},{"start":{"line":116,"column":28},"end":{"line":116,"column":51}},{"start":{"line":116,"column":55},"end":{"line":116,"column":67}}]},"15":{"loc":{"start":{"line":120,"column":4},"end":{"line":120,"column":58}},"type":"binary-expr","locations":[{"start":{"line":120,"column":4},"end":{"line":120,"column":9}},{"start":{"line":120,"column":13},"end":{"line":120,"column":58}}]}},"s":{"0":2,"1":2,"2":2,"3":2,"4":2,"5":2,"6":2,"7":2,"8":31,"9":31,"10":31,"11":1,"12":1,"13":1,"14":31,"15":2,"16":2,"17":2,"18":31,"19":3,"20":3,"21":3,"22":0,"23":0,"24":31,"25":0,"26":0,"27":31,"28":2},"f":{"0":31,"1":1,"2":2,"3":3,"4":0},"b":{"0":[31],"1":[30],"2":[0,1],"3":[1,1],"4":[3,0],"5":[3,3,2,3,2],"6":[0,0],"7":[0,0],"8":[0,0],"9":[0,0],"10":[0,0],"11":[1,30],"12":[3,28],"13":[31,30,25],"14":[31,30,25],"15":[31,0]}}
,"/Users/saqibsaghir/Documents/react-design-system/src/components/Slider/Slider.tsx": {"path":"/Users/saqibsaghir/Documents/react-design-system/src/components/Slider/Slider.tsx","statementMap":{"0":{"start":{"line":2,"column":0},"end":{"line":2,"column":94}},"1":{"start":{"line":4,"column":0},"end":{"line":4,"column":42}},"2":{"start":{"line":32,"column":38},"end":{"line":60,"column":1}},"3":{"start":{"line":42,"column":1},"end":{"line":59,"column":3}},"4":{"start":{"line":62,"column":0},"end":{"line":62,"column":22}}},"fnMap":{"0":{"name":"(anonymous_1)","decl":{"start":{"line":32,"column":38},"end":{"line":32,"column":39}},"loc":{"start":{"line":41,"column":5},"end":{"line":60,"column":1}}}},"branchMap":{"0":{"loc":{"start":{"line":34,"column":1},"end":{"line":34,"column":8}},"type":"default-arg","locations":[{"start":{"line":34,"column":7},"end":{"line":34,"column":8}}]},"1":{"loc":{"start":{"line":35,"column":1},"end":{"line":35,"column":10}},"type":"default-arg","locations":[{"start":{"line":35,"column":7},"end":{"line":35,"column":10}}]},"2":{"loc":{"start":{"line":36,"column":1},"end":{"line":36,"column":9}},"type":"default-arg","locations":[{"start":{"line":36,"column":8},"end":{"line":36,"column":9}}]},"3":{"loc":{"start":{"line":39,"column":1},"end":{"line":39,"column":17}},"type":"default-arg","locations":[{"start":{"line":39,"column":12},"end":{"line":39,"column":17}}]},"4":{"loc":{"start":{"line":44,"column":4},"end":{"line":44,"column":60}},"type":"binary-expr","locations":[{"start":{"line":44,"column":4},"end":{"line":44,"column":9}},{"start":{"line":44,"column":13},"end":{"line":44,"column":60}}]}},"s":{"0":2,"1":2,"2":2,"3":28,"4":2},"f":{"0":28},"b":{"0":[4],"1":[4],"2":[27],"3":[28],"4":[28,1]}}
,"/Users/saqibsaghir/Documents/react-design-system/src/utils/types/button.ts": {"path":"/Users/saqibsaghir/Documents/react-design-system/src/utils/types/button.ts","statementMap":{"0":{"start":{"line":1,"column":0},"end":{"line":1,"column":null}},"1":{"start":{"line":2,"column":1},"end":{"line":2,"column":null}},"2":{"start":{"line":3,"column":1},"end":{"line":3,"column":null}},"3":{"start":{"line":6,"column":0},"end":{"line":6,"column":null}},"4":{"start":{"line":7,"column":1},"end":{"line":7,"column":null}},"5":{"start":{"line":8,"column":1},"end":{"line":8,"column":null}},"6":{"start":{"line":9,"column":1},"end":{"line":9,"column":null}}},"fnMap":{"0":{"name":"(anonymous_0)","decl":{"start":{"line":1,"column":0},"end":{"line":1,"column":5}},"loc":{"start":{"line":1,"column":17},"end":{"line":4,"column":1}}},"1":{"name":"(anonymous_1)","decl":{"start":{"line":6,"column":0},"end":{"line":6,"column":5}},"loc":{"start":{"line":6,"column":15},"end":{"line":10,"column":1}}}},"branchMap":{"0":{"loc":{"start":{"line":1,"column":5},"end":{"line":1,"column":null}},"type":"binary-expr","locations":[{"start":{"line":1,"column":5},"end":{"line":1,"column":17}},{"start":{"line":1,"column":17},"end":{"line":1,"column":null}}]},"1":{"loc":{"start":{"line":6,"column":5},"end":{"line":6,"column":null}},"type":"binary-expr","locations":[{"start":{"line":6,"column":5},"end":{"line":6,"column":15}},{"start":{"line":6,"column":15},"end":{"line":6,"column":null}}]}},"s":{"0":3,"1":3,"2":3,"3":3,"4":3,"5":3,"6":3},"f":{"0":3,"1":3},"b":{"0":[3,3],"1":[3,3]}}
}
