TN:
SF:src/components/Button/Button.tsx
FN:46,(anonymous_2)
FNF:1
FNH:1
FNDA:116,(anonymous_2)
DA:2,3
DA:4,3
DA:5,3
DA:46,3
DA:60,116
DA:61,116
DA:63,116
DA:64,116
DA:65,116
DA:66,116
DA:68,116
DA:74,116
DA:98,3
LF:13
LH:13
BRDA:47,0,0,10
BRDA:53,1,0,54
BRDA:54,2,0,8
BRDA:56,3,0,55
BRDA:57,4,0,70
BRDA:63,5,0,24
BRDA:63,5,1,92
BRDA:64,6,0,1
BRDA:64,6,1,115
BRDA:65,7,0,62
BRDA:65,7,1,54
BRDA:69,8,0,47
BRDA:69,8,1,69
BRDA:70,9,0,1
BRDA:70,9,1,115
BRDA:71,10,0,116
BRDA:71,10,1,0
BRDA:82,11,0,62
BRDA:82,11,1,54
BRDA:82,12,0,62
BRDA:82,12,1,0
BRDA:82,13,0,54
BRDA:82,13,1,0
BRDA:82,14,0,0
BRDA:82,14,1,0
BRDA:85,15,0,62
BRDA:85,15,1,54
BRDA:89,16,0,54
BRDA:89,16,1,24
BRDA:89,16,2,24
BRDA:91,17,0,54
BRDA:91,17,1,1
BRDA:91,17,2,1
BRF:33
BRH:28
end_of_record
TN:
SF:src/components/Form/Form.tsx
FN:13,(anonymous_1)
FN:21,(anonymous_2)
FN:27,(anonymous_3)
FN:33,(anonymous_4)
FN:34,(anonymous_5)
FN:37,(anonymous_6)
FN:54,(anonymous_7)
FN:55,(anonymous_8)
FNF:8
FNH:7
FNDA:23,(anonymous_1)
FNDA:1,(anonymous_2)
FNDA:0,(anonymous_3)
FNDA:1,(anonymous_4)
FNDA:1,(anonymous_5)
FNDA:11,(anonymous_6)
FNDA:4,(anonymous_7)
FNDA:1,(anonymous_8)
DA:1,1
DA:2,1
DA:3,1
DA:4,1
DA:5,1
DA:6,1
DA:7,1
DA:8,1
DA:10,1
DA:11,1
DA:13,1
DA:14,23
DA:15,23
DA:16,23
DA:17,23
DA:18,23
DA:19,23
DA:21,23
DA:22,1
DA:23,1
DA:24,1
DA:27,23
DA:28,0
DA:29,0
DA:30,0
DA:33,23
DA:34,1
DA:37,23
DA:38,11
DA:44,23
DA:54,4
DA:55,1
DA:97,1
LF:33
LH:30
BRDA:18,0,0,23
BRDA:18,0,1,10
BRDA:19,1,0,23
BRDA:19,1,1,10
BRDA:29,2,0,0
BRDA:29,2,1,0
BRDA:39,3,0,6
BRDA:39,3,1,5
BRDA:40,4,0,9
BRDA:40,4,1,2
BRDA:59,5,0,2
BRDA:59,5,1,21
BRDA:59,6,0,23
BRDA:59,6,1,3
BRF:14
BRH:12
end_of_record
TN:
SF:src/components/Input/Input.tsx
FN:55,(anonymous_1)
FNF:1
FNH:1
FNDA:69,(anonymous_1)
DA:2,3
DA:4,3
DA:55,3
DA:77,69
DA:86,69
DA:87,69
DA:89,69
DA:118,3
LF:8
LH:8
BRDA:61,0,0,38
BRDA:64,1,0,36
BRDA:65,2,0,45
BRDA:68,3,0,67
BRDA:70,4,0,45
BRDA:78,5,0,31
BRDA:78,5,1,38
BRDA:79,6,0,31
BRDA:79,6,1,38
BRDA:80,7,0,1
BRDA:80,7,1,68
BRDA:81,8,0,31
BRDA:81,8,1,38
BRDA:82,9,0,69
BRDA:82,9,1,0
BRDA:83,10,0,31
BRDA:83,10,1,38
BRDA:91,11,0,69
BRDA:91,11,1,38
BRDA:92,12,0,38
BRDA:92,12,1,1
BRDA:99,13,0,69
BRDA:99,13,1,31
BRDA:113,14,0,69
BRDA:113,14,1,3
BRF:25
BRH:24
end_of_record
TN:
SF:src/components/NumberInput/NumberInput.tsx
FN:36,(anonymous_1)
FN:49,(anonymous_2)
FN:55,(anonymous_3)
FN:61,(anonymous_4)
FN:70,(anonymous_5)
FNF:5
FNH:4
FNDA:31,(anonymous_1)
FNDA:1,(anonymous_2)
FNDA:2,(anonymous_3)
FNDA:3,(anonymous_4)
FNDA:0,(anonymous_5)
DA:1,2
DA:2,2
DA:3,2
DA:4,2
DA:5,2
DA:6,2
DA:7,2
DA:36,2
DA:46,31
DA:47,31
DA:49,31
DA:50,1
DA:51,1
DA:52,1
DA:55,31
DA:56,2
DA:57,2
DA:58,2
DA:61,31
DA:62,3
DA:63,3
DA:64,3
DA:65,0
DA:66,0
DA:70,31
DA:71,0
DA:72,0
DA:76,31
DA:125,2
LF:29
LH:25
BRDA:41,0,0,31
BRDA:42,1,0,30
BRDA:50,2,0,0
BRDA:50,2,1,1
BRDA:56,3,0,1
BRDA:56,3,1,1
BRDA:63,4,0,3
BRDA:63,4,1,0
BRDA:63,5,0,3
BRDA:63,5,1,3
BRDA:63,5,2,2
BRDA:63,5,3,3
BRDA:63,5,4,2
BRDA:65,6,0,0
BRDA:65,6,1,0
BRDA:66,7,0,0
BRDA:66,7,1,0
BRDA:66,8,0,0
BRDA:66,8,1,0
BRDA:71,9,0,0
BRDA:71,9,1,0
BRDA:71,10,0,0
BRDA:71,10,1,0
BRDA:83,11,0,1
BRDA:83,11,1,30
BRDA:83,12,0,3
BRDA:83,12,1,28
BRDA:94,13,0,31
BRDA:94,13,1,30
BRDA:94,13,2,25
BRDA:116,14,0,31
BRDA:116,14,1,30
BRDA:116,14,2,25
BRDA:120,15,0,31
BRDA:120,15,1,0
BRF:35
BRH:22
end_of_record
TN:
SF:src/components/Slider/Slider.tsx
FN:32,(anonymous_1)
FNF:1
FNH:1
FNDA:28,(anonymous_1)
DA:2,2
DA:4,2
DA:32,2
DA:42,28
DA:62,2
LF:5
LH:5
BRDA:34,0,0,4
BRDA:35,1,0,4
BRDA:36,2,0,27
BRDA:39,3,0,28
BRDA:44,4,0,28
BRDA:44,4,1,1
BRF:6
BRH:6
end_of_record
TN:
SF:src/utils/types/button.ts
FN:1,(anonymous_0)
FN:6,(anonymous_1)
FNF:2
FNH:2
FNDA:3,(anonymous_0)
FNDA:3,(anonymous_1)
DA:1,3
DA:2,3
DA:3,3
DA:6,3
DA:7,3
DA:8,3
DA:9,3
LF:7
LH:7
BRDA:1,0,0,3
BRDA:1,0,1,3
BRDA:6,1,0,3
BRDA:6,1,1,3
BRF:4
BRH:4
end_of_record
